admin_users.id (integer)
admin_users.username (character varying)
admin_users.password_hash (character varying)
admin_users.email (character varying)
admin_users.role (character varying)
admin_users.is_active (boolean)
admin_users.created_at (timestamp without time zone)
admin_users.last_login (timestamp without time zone)
alembic_version.version_num (character varying)
appointments.id (integer)
appointments.user_id (integer)
appointments.appointment_date (date)
appointments.appointment_time (time without time zone)
appointments.service_type (character varying)
appointments.doctor_preference (character varying)
appointments.reason (text)
appointments.status (character varying)
appointments.notes (text)
appointments.created_at (timestamp without time zone)
appointments.updated_at (timestamp without time zone)
appointments.cancelled_at (timestamp without time zone)
appointments.cancellation_reason (text)
appointments.queue_number (integer)
audit_log.id (integer)
audit_log.user_id (integer)
audit_log.admin_id (integer)
audit_log.action (character varying)
audit_log.table_name (character varying)
audit_log.record_id (integer)
audit_log.old_values (json)
audit_log.new_values (json)
audit_log.ip_address (character varying)
audit_log.user_agent (text)
audit_log.created_at (timestamp without time zone)
health_records.id (integer)
health_records.user_id (integer)
health_records.record_date (date)
health_records.record_type (character varying)
health_records.diagnosis (text)
health_records.treatment (text)
health_records.notes (text)
health_records.doctor_name (character varying)
health_records.vital_signs (json)
health_records.prescriptions (json)
health_records.created_at (timestamp without time zone)
health_records.updated_at (timestamp without time zone)
inventory.id (integer)
inventory.item_name (character varying)
inventory.category (character varying)
inventory.stock_quantity (integer)
inventory.unit (character varying)
inventory.status (character varying)
inventory.expiry_date (date)
inventory.updated_at (timestamp without time zone)
lab_results.id (integer)
lab_results.medical_record_id (integer)
lab_results.patient_id (integer)
lab_results.test_type (character varying)
lab_results.result_summary (text)
lab_results.status (character varying)
lab_results.is_urgent (boolean)
lab_results.requested_at (timestamp without time zone)
lab_results.completed_at (timestamp without time zone)
medical_records.id (integer)
medical_records.user_id (integer)
medical_records.doctor_id (integer)
medical_records.appointment_id (integer)
medical_records.diagnosis (text)
medical_records.treatment (text)
medical_records.notes (text)
medical_records.created_at (timestamp without time zone)
medical_staff_details.id (integer)
medical_staff_details.user_id (integer)
medical_staff_details.prc_license_number (character varying)
medical_staff_details.specialization (character varying)
medical_staff_details.schedule (character varying)
medical_staff_details.clinic_room (character varying)
medical_staff_details.created_at (timestamp without time zone)
medical_staff_details.updated_at (timestamp without time zone)
notifications.id (integer)
notifications.user_id (integer)
notifications.type (character varying)
notifications.message (text)
notifications.is_read (boolean)
notifications.related_id (integer)
notifications.created_at (timestamp without time zone)
schedule_slots.id (integer)
schedule_slots.day_of_week (integer)
schedule_slots.start_time (time without time zone)
schedule_slots.end_time (time without time zone)
schedule_slots.max_appointments (integer)
schedule_slots.is_active (boolean)
services.id (integer)
services.name (character varying)
services.description (text)
services.duration_minutes (integer)
services.is_active (boolean)
services.created_at (timestamp without time zone)
soap_notes.id (integer)
soap_notes.patient_id (integer)
soap_notes.doctor_id (integer)
soap_notes.subjective (text)
soap_notes.objective (text)
soap_notes.assessment (text)
soap_notes.plan (text)
soap_notes.created_at (timestamp without time zone)
soap_notes.updated_at (timestamp without time zone)
users.id (integer)
users.email (character varying)
users.password_hash (character varying)
users.first_name (character varying)
users.middle_name (character varying)
users.last_name (character varying)
users.date_of_birth (date)
users.gender (character varying)
users.contact_number (character varying)
users.barangay (character varying)
users.city (character varying)
users.province (character varying)
users.house_number (character varying)
users.block_number (character varying)
users.lot_number (character varying)
users.street_name (character varying)
users.subdivision (character varying)
users.zip_code (character varying)
users.full_address (text)
users.id_image_path (character varying)
users.id_image (bytea)
users.ocr_text (text)
users.created_at (timestamp without time zone)
users.philhealth_id (character varying)
users.role (character varying)
users.profile_picture (text)
users.status (character varying)
users.suffix (character varying)
visit_logs.id (integer)
visit_logs.user_id (integer)
visit_logs.visitor_name (character varying)
visit_logs.purpose (character varying)
visit_logs.type (character varying)
visit_logs.timestamp (timestamp without time zone)
